Change Component Designator: Old Designator=AMP? New Designator=AMP1
Change Component Part ID : Designator=AMP1 Old Part ID =1 New Part ID =2
Change Component Designator: Old Designator=AMP? New Designator=AMP1
Change Component Part ID : Designator=AMP1 Old Part ID =2 New Part ID =1
Change Component Designator: Old Designator=AMP? New Designator=AMP1
Change Component Designator: Old Designator=AMP? New Designator=AMP2
Change Component Part ID : Designator=AMP2 Old Part ID =3 New Part ID =1
Change Component Designator: Old Designator=C4 New Designator=C17
Change Component Designator: Old Designator=C5 New Designator=C18
Change Component Designator: Old Designator=C6 New Designator=C19
Change Component Designator: Old Designator=C7 New Designator=C4
Change Component Designator: Old Designator=C9 New Designator=C7
Change Component Designator: Old Designator=C10 New Designator=C9
Change Component Designator: Old Designator=C11 New Designator=C10
Change Component Designator: Old Designator=C? New Designator=C5
Change Component Designator: Old Designator=C? New Designator=C6
Change Component Designator: Old Designator=C? New Designator=C11
Change Component Designator: Old Designator=C? New Designator=C15
Change Component Designator: Old Designator=C? New Designator=C16
Change Component Designator: Old Designator=C? New Designator=C20
Change Component Designator: Old Designator=C? New Designator=C21
Change Component Designator: Old Designator=C? New Designator=C22
Change Component Designator: Old Designator=C? New Designator=C23
Change Component Designator: Old Designator=L1 New Designator=L3
Change Component Designator: Old Designator=L2 New Designator=L4
Change Component Designator: Old Designator=L3 New Designator=L1
Change Component Designator: Old Designator=L4 New Designator=L2
Change Component Designator: Old Designator=R7 New Designator=R8
Change Component Designator: Old Designator=R8 New Designator=R7
Change Component Designator: Old Designator=R9 New Designator=R17
Change Component Designator: Old Designator=R10 New Designator=R18
Change Component Designator: Old Designator=R11 New Designator=R23
Change Component Designator: Old Designator=R12 New Designator=R24
Change Component Designator: Old Designator=R13 New Designator=R20
Change Component Designator: Old Designator=R14 New Designator=R26
Change Component Designator: Old Designator=R15 New Designator=R27
Change Component Designator: Old Designator=R16 New Designator=R21
Change Component Designator: Old Designator=R17 New Designator=R22
Change Component Designator: Old Designator=R18 New Designator=R25
Change Component Designator: Old Designator=R19 New Designator=R28
Change Component Designator: Old Designator=R20 New Designator=R29
Change Component Designator: Old Designator=R? New Designator=R9
Change Component Designator: Old Designator=R? New Designator=R10
Change Component Designator: Old Designator=R? New Designator=R11
Change Component Designator: Old Designator=R? New Designator=R12
Change Component Designator: Old Designator=R? New Designator=R13
Change Component Designator: Old Designator=R? New Designator=R14
Change Component Designator: Old Designator=R? New Designator=R15
Change Component Designator: Old Designator=R? New Designator=R16
Change Component Designator: Old Designator=R? New Designator=R19
Change Component Designator: Old Designator=U3 New Designator=U5
Change Component Designator: Old Designator=U4 New Designator=U3
Change Component Designator: Old Designator=U5 New Designator=U4
Change Component Designator: Old Designator=U? New Designator=U2
Change Component Designator: Old Designator=U? New Designator=U6
